TN:
SF:src/modules/statements/useCases/createStatement/CreateStatementUseCase.ts
FN:9,(anonymous_17)
FN:10,CreateStatementUseCase
FN:18,(anonymous_19)
FNF:3
FNH:3
FNDA:2,(anonymous_17)
FNDA:7,CreateStatementUseCase
FNDA:6,(anonymous_19)
DA:1,2
DA:5,2
DA:9,2
DA:12,7
DA:15,7
DA:18,6
DA:19,6
DA:21,6
DA:22,1
DA:25,8
DA:26,2
DA:28,2
DA:29,1
DA:33,4
DA:40,4
DA:42,2
LF:16
LH:16
BRDA:19,0,0,6
BRDA:19,0,1,4
BRDA:21,1,0,1
BRDA:25,2,0,3
BRDA:28,3,0,1
BRF:5
BRH:5
end_of_record
TN:
SF:src/modules/statements/useCases/getBalance/GetBalanceUseCase.ts
FN:18,(anonymous_17)
FN:19,GetBalanceUseCase
FN:27,(anonymous_19)
FNF:3
FNH:3
FNDA:1,(anonymous_17)
FNDA:2,GetBalanceUseCase
FNDA:2,(anonymous_19)
DA:1,1
DA:6,1
DA:18,1
DA:21,2
DA:24,2
DA:27,2
DA:28,2
DA:30,2
DA:31,1
DA:34,1
DA:39,1
DA:41,1
LF:12
LH:12
BRDA:28,0,0,2
BRDA:30,1,0,1
BRF:2
BRH:2
end_of_record
TN:
SF:src/modules/statements/useCases/getStatementOperation/GetStatementOperationUseCase.ts
FN:13,(anonymous_17)
FN:14,GetStatementOperationUseCase
FN:22,(anonymous_19)
FNF:3
FNH:3
FNDA:1,(anonymous_17)
FNDA:3,GetStatementOperationUseCase
FNDA:3,(anonymous_19)
DA:1,1
DA:5,1
DA:13,1
DA:16,3
DA:19,3
DA:22,3
DA:23,3
DA:25,3
DA:26,1
DA:29,2
DA:32,2
DA:33,1
DA:36,1
DA:38,1
LF:14
LH:14
BRDA:23,0,0,3
BRDA:25,1,0,1
BRDA:32,2,0,1
BRF:3
BRH:3
end_of_record
TN:
SF:src/modules/users/useCases/authenticateUser/AuthenticateUserUseCase.ts
FN:17,(anonymous_18)
FN:18,AuthenticateUserUseCase
FN:23,(anonymous_20)
FNF:3
FNH:3
FNDA:1,(anonymous_18)
FNDA:3,AuthenticateUserUseCase
FNDA:3,(anonymous_20)
DA:1,1
DA:2,1
DA:3,1
DA:5,1
DA:9,1
DA:17,1
DA:20,3
DA:23,1
DA:24,3
DA:25,3
DA:27,3
DA:29,3
DA:30,1
DA:33,2
DA:35,2
DA:36,1
DA:39,1
DA:41,1
DA:46,1
DA:55,1
LF:20
LH:20
BRDA:27,0,0,3
BRDA:29,1,0,1
BRDA:35,2,0,1
BRF:3
BRH:3
end_of_record
TN:
SF:src/modules/users/useCases/createUser/CreateUserUseCase.ts
FN:10,(anonymous_17)
FN:11,CreateUserUseCase
FN:16,(anonymous_19)
FNF:3
FNH:3
FNDA:6,(anonymous_17)
FNDA:16,CreateUserUseCase
FNDA:12,(anonymous_19)
DA:1,6
DA:2,6
DA:4,6
DA:10,6
DA:13,16
DA:16,12
DA:17,12
DA:19,12
DA:20,1
DA:23,11
DA:25,11
DA:31,11
DA:33,6
LF:13
LH:13
BRDA:17,0,0,12
BRDA:19,1,0,1
BRF:2
BRH:2
end_of_record
TN:
SF:src/modules/users/useCases/showUserProfile/ShowUserProfileUseCase.ts
FN:7,(anonymous_17)
FN:8,ShowUserProfileUseCase
FN:13,(anonymous_19)
FNF:3
FNH:3
FNDA:1,(anonymous_17)
FNDA:2,ShowUserProfileUseCase
FNDA:2,(anonymous_19)
DA:1,1
DA:4,1
DA:7,1
DA:10,2
DA:13,1
DA:14,2
DA:16,2
DA:17,1
DA:20,1
DA:22,1
LF:10
LH:10
BRDA:14,0,0,2
BRDA:16,1,0,1
BRF:2
BRH:2
end_of_record
